{"/home/gdevops/Projects/JSCRIPT330B/Govenor-The-Rack/governor-backend/server.js": {"path":"/home/gdevops/Projects/JSCRIPT330B/Govenor-The-Rack/governor-backend/server.js","statementMap":{"0":{"start":{"line":1,"column":16},"end":{"line":1,"column":34}},"1":{"start":{"line":2,"column":17},"end":{"line":2,"column":36}},"2":{"start":{"line":3,"column":13},"end":{"line":3,"column":28}},"3":{"start":{"line":4,"column":12},"end":{"line":4,"column":35}},"4":{"start":{"line":5,"column":15},"end":{"line":5,"column":34}},"5":{"start":{"line":6,"column":17},"end":{"line":6,"column":41}},"6":{"start":{"line":8,"column":12},"end":{"line":8,"column":21}},"7":{"start":{"line":9,"column":13},"end":{"line":9,"column":17}},"8":{"start":{"line":10,"column":19},"end":{"line":10,"column":51}},"9":{"start":{"line":12,"column":0},"end":{"line":12,"column":16}},"10":{"start":{"line":13,"column":0},"end":{"line":13,"column":24}},"11":{"start":{"line":15,"column":0},"end":{"line":18,"column":68}},"12":{"start":{"line":17,"column":14},"end":{"line":17,"column":59}},"13":{"start":{"line":18,"column":18},"end":{"line":18,"column":66}},"14":{"start":{"line":20,"column":20},"end":{"line":33,"column":2}},"15":{"start":{"line":34,"column":0},"end":{"line":34,"column":59}},"16":{"start":{"line":35,"column":14},"end":{"line":35,"column":50}},"17":{"start":{"line":37,"column":25},"end":{"line":40,"column":2}},"18":{"start":{"line":41,"column":19},"end":{"line":41,"column":65}},"19":{"start":{"line":43,"column":19},"end":{"line":46,"column":2}},"20":{"start":{"line":47,"column":13},"end":{"line":47,"column":47}},"21":{"start":{"line":50,"column":2},"end":{"line":50,"column":46}},"22":{"start":{"line":51,"column":25},"end":{"line":51,"column":63}},"23":{"start":{"line":52,"column":2},"end":{"line":52,"column":69}},"24":{"start":{"line":53,"column":2},"end":{"line":53,"column":50}},"25":{"start":{"line":55,"column":0},"end":{"line":55,"column":18}},"26":{"start":{"line":58,"column":21},"end":{"line":58,"column":49}},"27":{"start":{"line":59,"column":16},"end":{"line":59,"column":54}},"28":{"start":{"line":61,"column":2},"end":{"line":62,"column":72}},"29":{"start":{"line":62,"column":4},"end":{"line":62,"column":72}},"30":{"start":{"line":64,"column":2},"end":{"line":68,"column":5}},"31":{"start":{"line":65,"column":4},"end":{"line":65,"column":71}},"32":{"start":{"line":65,"column":13},"end":{"line":65,"column":71}},"33":{"start":{"line":66,"column":4},"end":{"line":66,"column":20}},"34":{"start":{"line":67,"column":4},"end":{"line":67,"column":11}},"35":{"start":{"line":71,"column":0},"end":{"line":81,"column":3}},"36":{"start":{"line":72,"column":33},"end":{"line":72,"column":41}},"37":{"start":{"line":73,"column":15},"end":{"line":73,"column":47}},"38":{"start":{"line":74,"column":2},"end":{"line":76,"column":3}},"39":{"start":{"line":75,"column":4},"end":{"line":75,"column":68}},"40":{"start":{"line":77,"column":16},"end":{"line":79,"column":4}},"41":{"start":{"line":80,"column":2},"end":{"line":80,"column":22}},"42":{"start":{"line":83,"column":0},"end":{"line":97,"column":3}},"43":{"start":{"line":84,"column":2},"end":{"line":96,"column":3}},"44":{"start":{"line":85,"column":19},"end":{"line":85,"column":50}},"45":{"start":{"line":86,"column":23},"end":{"line":86,"column":31}},"46":{"start":{"line":87,"column":20},"end":{"line":87,"column":61}},"47":{"start":{"line":88,"column":23},"end":{"line":92,"column":5}},"48":{"start":{"line":93,"column":4},"end":{"line":93,"column":37}},"49":{"start":{"line":95,"column":4},"end":{"line":95,"column":60}},"50":{"start":{"line":99,"column":0},"end":{"line":105,"column":3}},"51":{"start":{"line":100,"column":2},"end":{"line":104,"column":3}},"52":{"start":{"line":101,"column":4},"end":{"line":101,"column":33}},"53":{"start":{"line":103,"column":4},"end":{"line":103,"column":65}},"54":{"start":{"line":107,"column":0},"end":{"line":118,"column":3}},"55":{"start":{"line":108,"column":2},"end":{"line":117,"column":3}},"56":{"start":{"line":109,"column":25},"end":{"line":113,"column":5}},"57":{"start":{"line":114,"column":4},"end":{"line":114,"column":27}},"58":{"start":{"line":116,"column":4},"end":{"line":116,"column":62}},"59":{"start":{"line":120,"column":0},"end":{"line":127,"column":3}},"60":{"start":{"line":121,"column":2},"end":{"line":126,"column":3}},"61":{"start":{"line":122,"column":4},"end":{"line":122,"column":49}},"62":{"start":{"line":123,"column":4},"end":{"line":123,"column":43}},"63":{"start":{"line":125,"column":4},"end":{"line":125,"column":62}},"64":{"start":{"line":129,"column":0},"end":{"line":136,"column":3}},"65":{"start":{"line":130,"column":2},"end":{"line":135,"column":3}},"66":{"start":{"line":131,"column":20},"end":{"line":131,"column":73}},"67":{"start":{"line":132,"column":4},"end":{"line":132,"column":22}},"68":{"start":{"line":134,"column":4},"end":{"line":134,"column":55}},"69":{"start":{"line":138,"column":0},"end":{"line":144,"column":3}},"70":{"start":{"line":139,"column":2},"end":{"line":143,"column":3}},"71":{"start":{"line":140,"column":4},"end":{"line":140,"column":64}},"72":{"start":{"line":142,"column":4},"end":{"line":142,"column":57}},"73":{"start":{"line":146,"column":0},"end":{"line":152,"column":3}},"74":{"start":{"line":147,"column":2},"end":{"line":151,"column":3}},"75":{"start":{"line":148,"column":4},"end":{"line":148,"column":38}},"76":{"start":{"line":150,"column":4},"end":{"line":150,"column":62}},"77":{"start":{"line":154,"column":0},"end":{"line":165,"column":3}},"78":{"start":{"line":155,"column":2},"end":{"line":164,"column":3}},"79":{"start":{"line":156,"column":4},"end":{"line":160,"column":6}},"80":{"start":{"line":163,"column":4},"end":{"line":163,"column":59}},"81":{"start":{"line":167,"column":0},"end":{"line":174,"column":3}},"82":{"start":{"line":168,"column":2},"end":{"line":173,"column":3}},"83":{"start":{"line":169,"column":4},"end":{"line":169,"column":54}},"84":{"start":{"line":170,"column":4},"end":{"line":170,"column":40}},"85":{"start":{"line":172,"column":4},"end":{"line":172,"column":59}},"86":{"start":{"line":176,"column":0},"end":{"line":229,"column":3}},"87":{"start":{"line":177,"column":22},"end":{"line":177,"column":46}},"88":{"start":{"line":178,"column":2},"end":{"line":179,"column":79}},"89":{"start":{"line":179,"column":4},"end":{"line":179,"column":79}},"90":{"start":{"line":182,"column":4},"end":{"line":182,"column":77}},"91":{"start":{"line":184,"column":14},"end":{"line":184,"column":206}},"92":{"start":{"line":186,"column":2},"end":{"line":228,"column":5}},"93":{"start":{"line":187,"column":4},"end":{"line":227,"column":5}},"94":{"start":{"line":188,"column":21},"end":{"line":188,"column":39}},"95":{"start":{"line":189,"column":25},"end":{"line":189,"column":26}},"96":{"start":{"line":190,"column":20},"end":{"line":190,"column":45}},"97":{"start":{"line":192,"column":6},"end":{"line":205,"column":7}},"98":{"start":{"line":193,"column":26},"end":{"line":195,"column":9}},"99":{"start":{"line":194,"column":17},"end":{"line":194,"column":60}},"100":{"start":{"line":196,"column":8},"end":{"line":204,"column":9}},"101":{"start":{"line":197,"column":29},"end":{"line":197,"column":54}},"102":{"start":{"line":198,"column":10},"end":{"line":202,"column":12}},"103":{"start":{"line":203,"column":10},"end":{"line":203,"column":25}},"104":{"start":{"line":207,"column":6},"end":{"line":218,"column":7}},"105":{"start":{"line":208,"column":8},"end":{"line":210,"column":11}},"106":{"start":{"line":212,"column":8},"end":{"line":217,"column":13}},"107":{"start":{"line":220,"column":6},"end":{"line":220,"column":68}},"108":{"start":{"line":221,"column":6},"end":{"line":226,"column":11}},"109":{"start":{"line":231,"column":0},"end":{"line":235,"column":1}},"110":{"start":{"line":232,"column":2},"end":{"line":234,"column":5}},"111":{"start":{"line":233,"column":4},"end":{"line":233,"column":56}},"112":{"start":{"line":236,"column":0},"end":{"line":236,"column":21}}},"fnMap":{"0":{"name":"(anonymous_0)","decl":{"start":{"line":17,"column":8},"end":{"line":17,"column":9}},"loc":{"start":{"line":17,"column":14},"end":{"line":17,"column":59}},"line":17},"1":{"name":"(anonymous_1)","decl":{"start":{"line":18,"column":9},"end":{"line":18,"column":10}},"loc":{"start":{"line":18,"column":18},"end":{"line":18,"column":66}},"line":18},"2":{"name":"createAdminUser","decl":{"start":{"line":49,"column":15},"end":{"line":49,"column":30}},"loc":{"start":{"line":49,"column":33},"end":{"line":54,"column":1}},"line":49},"3":{"name":"authenticateToken","decl":{"start":{"line":57,"column":9},"end":{"line":57,"column":26}},"loc":{"start":{"line":57,"column":43},"end":{"line":69,"column":1}},"line":57},"4":{"name":"(anonymous_4)","decl":{"start":{"line":64,"column":32},"end":{"line":64,"column":33}},"loc":{"start":{"line":64,"column":47},"end":{"line":68,"column":3}},"line":64},"5":{"name":"(anonymous_5)","decl":{"start":{"line":71,"column":26},"end":{"line":71,"column":27}},"loc":{"start":{"line":71,"column":46},"end":{"line":81,"column":1}},"line":71},"6":{"name":"(anonymous_6)","decl":{"start":{"line":83,"column":46},"end":{"line":83,"column":47}},"loc":{"start":{"line":83,"column":66},"end":{"line":97,"column":1}},"line":83},"7":{"name":"(anonymous_7)","decl":{"start":{"line":99,"column":26},"end":{"line":99,"column":27}},"loc":{"start":{"line":99,"column":46},"end":{"line":105,"column":1}},"line":99},"8":{"name":"(anonymous_8)","decl":{"start":{"line":107,"column":49},"end":{"line":107,"column":50}},"loc":{"start":{"line":107,"column":69},"end":{"line":118,"column":1}},"line":107},"9":{"name":"(anonymous_9)","decl":{"start":{"line":120,"column":52},"end":{"line":120,"column":53}},"loc":{"start":{"line":120,"column":72},"end":{"line":127,"column":1}},"line":120},"10":{"name":"(anonymous_10)","decl":{"start":{"line":129,"column":33},"end":{"line":129,"column":34}},"loc":{"start":{"line":129,"column":53},"end":{"line":136,"column":1}},"line":129},"11":{"name":"(anonymous_11)","decl":{"start":{"line":138,"column":51},"end":{"line":138,"column":52}},"loc":{"start":{"line":138,"column":71},"end":{"line":144,"column":1}},"line":138},"12":{"name":"(anonymous_12)","decl":{"start":{"line":146,"column":31},"end":{"line":146,"column":32}},"loc":{"start":{"line":146,"column":51},"end":{"line":152,"column":1}},"line":146},"13":{"name":"(anonymous_13)","decl":{"start":{"line":154,"column":54},"end":{"line":154,"column":55}},"loc":{"start":{"line":154,"column":74},"end":{"line":165,"column":1}},"line":154},"14":{"name":"(anonymous_14)","decl":{"start":{"line":167,"column":57},"end":{"line":167,"column":58}},"loc":{"start":{"line":167,"column":77},"end":{"line":174,"column":1}},"line":167},"15":{"name":"(anonymous_15)","decl":{"start":{"line":176,"column":44},"end":{"line":176,"column":45}},"loc":{"start":{"line":176,"column":58},"end":{"line":229,"column":1}},"line":176},"16":{"name":"(anonymous_16)","decl":{"start":{"line":186,"column":45},"end":{"line":186,"column":46}},"loc":{"start":{"line":186,"column":78},"end":{"line":228,"column":3}},"line":186},"17":{"name":"(anonymous_17)","decl":{"start":{"line":194,"column":10},"end":{"line":194,"column":11}},"loc":{"start":{"line":194,"column":17},"end":{"line":194,"column":60}},"line":194},"18":{"name":"(anonymous_18)","decl":{"start":{"line":232,"column":30},"end":{"line":232,"column":31}},"loc":{"start":{"line":232,"column":36},"end":{"line":234,"column":3}},"line":232}},"branchMap":{"0":{"loc":{"start":{"line":59,"column":16},"end":{"line":59,"column":54}},"type":"binary-expr","locations":[{"start":{"line":59,"column":16},"end":{"line":59,"column":26}},{"start":{"line":59,"column":30},"end":{"line":59,"column":54}}],"line":59},"1":{"loc":{"start":{"line":61,"column":2},"end":{"line":62,"column":72}},"type":"if","locations":[{"start":{"line":61,"column":2},"end":{"line":62,"column":72}},{"start":{},"end":{}}],"line":61},"2":{"loc":{"start":{"line":65,"column":4},"end":{"line":65,"column":71}},"type":"if","locations":[{"start":{"line":65,"column":4},"end":{"line":65,"column":71}},{"start":{},"end":{}}],"line":65},"3":{"loc":{"start":{"line":74,"column":2},"end":{"line":76,"column":3}},"type":"if","locations":[{"start":{"line":74,"column":2},"end":{"line":76,"column":3}},{"start":{},"end":{}}],"line":74},"4":{"loc":{"start":{"line":74,"column":6},"end":{"line":74,"column":63}},"type":"binary-expr","locations":[{"start":{"line":74,"column":6},"end":{"line":74,"column":11}},{"start":{"line":74,"column":15},"end":{"line":74,"column":63}}],"line":74},"5":{"loc":{"start":{"line":178,"column":2},"end":{"line":179,"column":79}},"type":"if","locations":[{"start":{"line":178,"column":2},"end":{"line":179,"column":79}},{"start":{},"end":{}}],"line":178},"6":{"loc":{"start":{"line":196,"column":8},"end":{"line":204,"column":9}},"type":"if","locations":[{"start":{"line":196,"column":8},"end":{"line":204,"column":9}},{"start":{},"end":{}}],"line":196},"7":{"loc":{"start":{"line":196,"column":12},"end":{"line":196,"column":75}},"type":"binary-expr","locations":[{"start":{"line":196,"column":12},"end":{"line":196,"column":21}},{"start":{"line":196,"column":25},"end":{"line":196,"column":46}},{"start":{"line":196,"column":50},"end":{"line":196,"column":75}}],"line":196},"8":{"loc":{"start":{"line":207,"column":6},"end":{"line":218,"column":7}},"type":"if","locations":[{"start":{"line":207,"column":6},"end":{"line":218,"column":7}},{"start":{"line":211,"column":13},"end":{"line":218,"column":7}}],"line":207},"9":{"loc":{"start":{"line":231,"column":0},"end":{"line":235,"column":1}},"type":"if","locations":[{"start":{"line":231,"column":0},"end":{"line":235,"column":1}},{"start":{},"end":{}}],"line":231}},"s":{"0":1,"1":1,"2":1,"3":1,"4":1,"5":1,"6":1,"7":1,"8":1,"9":1,"10":1,"11":1,"12":1,"13":0,"14":1,"15":1,"16":1,"17":1,"18":1,"19":1,"20":1,"21":1,"22":1,"23":1,"24":1,"25":1,"26":10,"27":10,"28":10,"29":1,"30":9,"31":9,"32":0,"33":9,"34":9,"35":1,"36":2,"37":2,"38":2,"39":1,"40":1,"41":1,"42":1,"43":1,"44":1,"45":1,"46":1,"47":1,"48":1,"49":0,"50":1,"51":1,"52":1,"53":0,"54":1,"55":2,"56":2,"57":1,"58":1,"59":1,"60":2,"61":2,"62":1,"63":1,"64":1,"65":1,"66":1,"67":1,"68":0,"69":1,"70":1,"71":1,"72":0,"73":1,"74":1,"75":1,"76":0,"77":1,"78":0,"79":0,"80":0,"81":1,"82":1,"83":1,"84":1,"85":0,"86":1,"87":2,"88":2,"89":1,"90":1,"91":1,"92":1,"93":1,"94":1,"95":1,"96":1,"97":1,"98":1,"99":1,"100":1,"101":1,"102":1,"103":1,"104":1,"105":1,"106":0,"107":0,"108":0,"109":1,"110":0,"111":0,"112":1},"f":{"0":1,"1":0,"2":1,"3":10,"4":9,"5":2,"6":1,"7":1,"8":2,"9":2,"10":1,"11":1,"12":1,"13":0,"14":1,"15":2,"16":1,"17":1,"18":0},"b":{"0":[10,9],"1":[1,9],"2":[0,9],"3":[1,1],"4":[2,2],"5":[1,1],"6":[1,0],"7":[1,1,1],"8":[1,0],"9":[0,1]},"_coverageSchema":"1a1c01bbd47fc00a2c39e90264f33305004495a9","hash":"c71d9ffe8854185c13c1f6aa577d6534b32f7a80"}
}
