TN:
SF:server.js
FN:17,(anonymous_0)
FN:18,(anonymous_1)
FN:49,createAdminUser
FN:57,authenticateToken
FN:64,(anonymous_4)
FN:71,(anonymous_5)
FN:83,(anonymous_6)
FN:99,(anonymous_7)
FN:107,(anonymous_8)
FN:120,(anonymous_9)
FN:129,(anonymous_10)
FN:138,(anonymous_11)
FN:146,(anonymous_12)
FN:154,(anonymous_13)
FN:167,(anonymous_14)
FN:176,(anonymous_15)
FN:186,(anonymous_16)
FN:194,(anonymous_17)
FN:232,(anonymous_18)
FNF:19
FNH:16
FNDA:1,(anonymous_0)
FNDA:0,(anonymous_1)
FNDA:1,createAdminUser
FNDA:10,authenticateToken
FNDA:9,(anonymous_4)
FNDA:2,(anonymous_5)
FNDA:1,(anonymous_6)
FNDA:1,(anonymous_7)
FNDA:2,(anonymous_8)
FNDA:2,(anonymous_9)
FNDA:1,(anonymous_10)
FNDA:1,(anonymous_11)
FNDA:1,(anonymous_12)
FNDA:0,(anonymous_13)
FNDA:1,(anonymous_14)
FNDA:2,(anonymous_15)
FNDA:1,(anonymous_16)
FNDA:1,(anonymous_17)
FNDA:0,(anonymous_18)
DA:1,1
DA:2,1
DA:3,1
DA:4,1
DA:5,1
DA:6,1
DA:8,1
DA:9,1
DA:10,1
DA:12,1
DA:13,1
DA:15,1
DA:17,1
DA:18,0
DA:20,1
DA:34,1
DA:35,1
DA:37,1
DA:41,1
DA:43,1
DA:47,1
DA:50,1
DA:51,1
DA:52,1
DA:53,1
DA:55,1
DA:58,10
DA:59,10
DA:61,10
DA:62,1
DA:64,9
DA:65,9
DA:66,9
DA:67,9
DA:71,1
DA:72,2
DA:73,2
DA:74,2
DA:75,1
DA:77,1
DA:80,1
DA:83,1
DA:84,1
DA:85,1
DA:86,1
DA:87,1
DA:88,1
DA:93,1
DA:95,0
DA:99,1
DA:100,1
DA:101,1
DA:103,0
DA:107,1
DA:108,2
DA:109,2
DA:114,1
DA:116,1
DA:120,1
DA:121,2
DA:122,2
DA:123,1
DA:125,1
DA:129,1
DA:130,1
DA:131,1
DA:132,1
DA:134,0
DA:138,1
DA:139,1
DA:140,1
DA:142,0
DA:146,1
DA:147,1
DA:148,1
DA:150,0
DA:154,1
DA:155,0
DA:156,0
DA:163,0
DA:167,1
DA:168,1
DA:169,1
DA:170,1
DA:172,0
DA:176,1
DA:177,2
DA:178,2
DA:179,1
DA:182,1
DA:184,1
DA:186,1
DA:187,1
DA:188,1
DA:189,1
DA:190,1
DA:192,1
DA:193,1
DA:194,1
DA:196,1
DA:197,1
DA:198,1
DA:203,1
DA:207,1
DA:208,1
DA:212,0
DA:220,0
DA:221,0
DA:231,1
DA:232,0
DA:233,0
DA:236,1
LF:112
LH:97
BRDA:59,0,0,10
BRDA:59,0,1,9
BRDA:61,1,0,1
BRDA:61,1,1,9
BRDA:65,2,0,0
BRDA:65,2,1,9
BRDA:74,3,0,1
BRDA:74,3,1,1
BRDA:74,4,0,2
BRDA:74,4,1,2
BRDA:178,5,0,1
BRDA:178,5,1,1
BRDA:196,6,0,1
BRDA:196,6,1,0
BRDA:196,7,0,1
BRDA:196,7,1,1
BRDA:196,7,2,1
BRDA:207,8,0,1
BRDA:207,8,1,0
BRDA:231,9,0,0
BRDA:231,9,1,1
BRF:21
BRH:17
end_of_record
